<?xml version="1.0" encoding="UTF-8"?>
<!-- Generated by org.testng.reporters.JUnitXMLReporter -->
<testsuite ignored="0" hostname="DESKTOP-T7QCDAB" failures="0" tests="1" name="Testedge" time="9.486" errors="0" timestamp="2022-12-22T09:50:01 IST">
  <testcase classname="com.BCP.TestCases.LoginTest" name="@BeforeMethod setup" time="9.409">
    <failure type="org.openqa.selenium.SessionNotCreatedException" message="session not created: This version of Microsoft Edge WebDriver only supports Microsoft Edge version 105
Current browser version is 108.0.1462.54 with binary path C:\Program Files (x86)\Microsoft\Edge\Application\msedge.exe
Build info: version: &amp;apos;3.141.59&amp;apos;, revision: &amp;apos;e82be7d358&amp;apos;, time: &amp;apos;2018-11-14T08:17:03&amp;apos;
System info: host: &amp;apos;DESKTOP-T7QCDAB&amp;apos;, ip: &amp;apos;192.168.1.20&amp;apos;, os.name: &amp;apos;Windows 10&amp;apos;, os.arch: &amp;apos;amd64&amp;apos;, os.version: &amp;apos;10.0&amp;apos;, java.version: &amp;apos;17.0.2&amp;apos;
Driver info: driver.version: EdgeDriver
remote stacktrace: Backtrace:
	Microsoft::Applications::Events::EventProperties::SetProperty [0x00007FF67EF723D2+17554]
	Microsoft::Applications::Events::EventProperty::EventProperty [0x00007FF67EF0ED22+1438834]
	Ordinal0 [0x00007FF67EB39345+627525]
	Ordinal0 [0x00007FF67EB673D4+816084]
	Ordinal0 [0x00007FF67EB628B3+796851]
	Ordinal0 [0x00007FF67EB5D9F0+776688]
	Ordinal0 [0x00007FF67EB9969F+1021599]
	Ordinal0 [0x00007FF67EB93A43+997955]
	Ordinal0 [0x00007FF67EB694C0+824512]
	Ordinal0 [0x00007FF67EB6A9F8+829944]
	Microsoft::Applications::Events::EventProperty::EventProperty [0x00007FF67EDD0578+134344]
	Microsoft::Applications::Events::EventProperty::EventProperty [0x00007FF67EDB9EA5+42485]
	Microsoft::Applications::Events::EventProperty::EventProperty [0x00007FF67EDBCF8C+55004]
	Ordinal0 [0x00007FF67EC22E94+1584788]
	Microsoft::Applications::Events::EventProperty::EventProperty [0x00007FF67EF1446B+1461179]
	Microsoft::Applications::Events::EventProperty::EventProperty [0x00007FF67EF18434+1477508]
	Microsoft::Applications::Events::EventProperty::EventProperty [0x00007FF67EF1858D+1477853]
	Microsoft::Applications::Events::EventProperty::EventProperty [0x00007FF67EF20559+1510569]
	BaseThreadInitThunk [0x00007FFFC6A87034+20]
	RtlUserThreadStart [0x00007FFFC6D42651+33]
">
      <![CDATA[org.openqa.selenium.SessionNotCreatedException: session not created: This version of Microsoft Edge WebDriver only supports Microsoft Edge version 105
Current browser version is 108.0.1462.54 with binary path C:\Program Files (x86)\Microsoft\Edge\Application\msedge.exe
Build info: version: '3.141.59', revision: 'e82be7d358', time: '2018-11-14T08:17:03'
System info: host: 'DESKTOP-T7QCDAB', ip: '192.168.1.20', os.name: 'Windows 10', os.arch: 'amd64', os.version: '10.0', java.version: '17.0.2'
Driver info: driver.version: EdgeDriver
remote stacktrace: Backtrace:
Microsoft::Applications::Events::EventProperties::SetProperty [0x00007FF67EF723D2+17554]
Microsoft::Applications::Events::EventProperty::EventProperty [0x00007FF67EF0ED22+1438834]
Ordinal0 [0x00007FF67EB39345+627525]
Ordinal0 [0x00007FF67EB673D4+816084]
Ordinal0 [0x00007FF67EB628B3+796851]
Ordinal0 [0x00007FF67EB5D9F0+776688]
Ordinal0 [0x00007FF67EB9969F+1021599]
Ordinal0 [0x00007FF67EB93A43+997955]
Ordinal0 [0x00007FF67EB694C0+824512]
Ordinal0 [0x00007FF67EB6A9F8+829944]
Microsoft::Applications::Events::EventProperty::EventProperty [0x00007FF67EDD0578+134344]
Microsoft::Applications::Events::EventProperty::EventProperty [0x00007FF67EDB9EA5+42485]
Microsoft::Applications::Events::EventProperty::EventProperty [0x00007FF67EDBCF8C+55004]
Ordinal0 [0x00007FF67EC22E94+1584788]
Microsoft::Applications::Events::EventProperty::EventProperty [0x00007FF67EF1446B+1461179]
Microsoft::Applications::Events::EventProperty::EventProperty [0x00007FF67EF18434+1477508]
Microsoft::Applications::Events::EventProperty::EventProperty [0x00007FF67EF1858D+1477853]
Microsoft::Applications::Events::EventProperty::EventProperty [0x00007FF67EF20559+1510569]
BaseThreadInitThunk [0x00007FFFC6A87034+20]
RtlUserThreadStart [0x00007FFFC6D42651+33]

at org.openqa.selenium.remote.W3CHandshakeResponse.lambda$errorHandler$0(W3CHandshakeResponse.java:62)
at org.openqa.selenium.remote.HandshakeResponse.lambda$getResponseFunction$0(HandshakeResponse.java:30)
at org.openqa.selenium.remote.ProtocolHandshake.lambda$createSession$0(ProtocolHandshake.java:126)
at java.base/java.util.stream.ReferencePipeline$3$1.accept(ReferencePipeline.java:197)
at java.base/java.util.Spliterators$ArraySpliterator.tryAdvance(Spliterators.java:1002)
at java.base/java.util.stream.ReferencePipeline.forEachWithCancel(ReferencePipeline.java:129)
at java.base/java.util.stream.AbstractPipeline.copyIntoWithCancel(AbstractPipeline.java:527)
at java.base/java.util.stream.AbstractPipeline.copyInto(AbstractPipeline.java:513)
at java.base/java.util.stream.AbstractPipeline.wrapAndCopyInto(AbstractPipeline.java:499)
at java.base/java.util.stream.FindOps$FindOp.evaluateSequential(FindOps.java:150)
at java.base/java.util.stream.AbstractPipeline.evaluate(AbstractPipeline.java:234)
at java.base/java.util.stream.ReferencePipeline.findFirst(ReferencePipeline.java:647)
at org.openqa.selenium.remote.ProtocolHandshake.createSession(ProtocolHandshake.java:128)
at org.openqa.selenium.remote.ProtocolHandshake.createSession(ProtocolHandshake.java:74)
at org.openqa.selenium.remote.HttpCommandExecutor.execute(HttpCommandExecutor.java:136)
at org.openqa.selenium.remote.service.DriverCommandExecutor.execute(DriverCommandExecutor.java:83)
at org.openqa.selenium.remote.RemoteWebDriver.execute(RemoteWebDriver.java:552)
at org.openqa.selenium.remote.RemoteWebDriver.startSession(RemoteWebDriver.java:213)
at org.openqa.selenium.remote.RemoteWebDriver.<init>(RemoteWebDriver.java:131)
at org.openqa.selenium.edge.EdgeDriver.<init>(EdgeDriver.java:141)
at org.openqa.selenium.edge.EdgeDriver.<init>(EdgeDriver.java:96)
at com.BCP.Commons.BaseClass.launchApp(BaseClass.java:51)
at com.BCP.TestCases.LoginTest.setup(LoginTest.java:25)
at java.base/java.util.ArrayList.forEach(ArrayList.java:1511)
at java.base/java.util.concurrent.FutureTask.run(FutureTask.java:264)
at java.base/java.util.concurrent.ThreadPoolExecutor.runWorker(ThreadPoolExecutor.java:1136)
at java.base/java.util.concurrent.ThreadPoolExecutor$Worker.run(ThreadPoolExecutor.java:635)
at java.base/java.lang.Thread.run(Thread.java:833)
... Removed 27 stack frames]]>
    </failure>
  </testcase> <!-- @BeforeMethod setup -->
  <testcase classname="com.BCP.TestCases.LoginTest" name="loginTest" time="0.0">
    <skipped/>
  </testcase> <!-- loginTest -->
</testsuite> <!-- Testedge -->
